        -:    0:Source:dominion.c
        -:    0:Graph:dominion.gcno
        -:    0:Data:dominion.gcda
        -:    0:Runs:24
        -:    0:Programs:11
        -:    1:#include "dominion.h"
        -:    2:#include "dominion_helpers.h"
        -:    3:#include "rngs.h"
        -:    4:#include <stdio.h>
        -:    5:#include <math.h>
        -:    6:#include <stdlib.h>
        -:    7:
function compare called 810 returned 100% blocks executed 83%
      810:    8:int compare(const void* a, const void* b) {
      810:    9:  if (*(int*)a > *(int*)b)
branch  0 taken 0% (fallthrough)
branch  1 taken 100%
    #####:   10:    return 1;
      810:   11:  if (*(int*)a < *(int*)b)
branch  0 taken 27% (fallthrough)
branch  1 taken 73%
      216:   12:    return -1;
      594:   13:  return 0;
        -:   14:}
        -:   15:
function newGame called 0 returned 0% blocks executed 0%
    #####:   16:struct gameState* newGame() {
    #####:   17:  struct gameState* g = malloc(sizeof(struct gameState));
    #####:   18:  return g;
        -:   19:}
        -:   20:
function kingdomCards called 0 returned 0% blocks executed 0%
    #####:   21:int* kingdomCards(int k1, int k2, int k3, int k4, int k5, int k6, int k7,
        -:   22:		  int k8, int k9, int k10) {
    #####:   23:  int* k = malloc(10 * sizeof(int));
    #####:   24:  k[0] = k1;
    #####:   25:  k[1] = k2;
    #####:   26:  k[2] = k3;
    #####:   27:  k[3] = k4;
    #####:   28:  k[4] = k5;
    #####:   29:  k[5] = k6;
    #####:   30:  k[6] = k7;
    #####:   31:  k[7] = k8;
    #####:   32:  k[8] = k9;
    #####:   33:  k[9] = k10;
    #####:   34:  return k;
        -:   35:}
        -:   36:
function initializeGame called 27 returned 100% blocks executed 88%
       27:   37:int initializeGame(int numPlayers, int kingdomCards[10], int randomSeed,
        -:   38:		   struct gameState *state) {
        -:   39:
        -:   40:  int i;
        -:   41:  int j;
        -:   42:  int it;			
        -:   43:  //set up random number generator
       27:   44:  SelectStream(1);
call    0 returned 100%
       27:   45:  PutSeed((long)randomSeed);
call    0 returned 100%
        -:   46:  
        -:   47:  //check number of players
       27:   48:  if (numPlayers > MAX_PLAYERS || numPlayers < 2)
branch  0 taken 100% (fallthrough)
branch  1 taken 0%
branch  2 taken 0% (fallthrough)
branch  3 taken 100%
        -:   49:    {
    #####:   50:      return -1;
        -:   51:    }
        -:   52:
        -:   53:  //set number of players
       27:   54:  state->numPlayers = numPlayers;
        -:   55:
        -:   56:  //check selected kingdom cards are different
      297:   57:  for (i = 0; i < 10; i++)
branch  0 taken 91%
branch  1 taken 9% (fallthrough)
        -:   58:    {
     2970:   59:      for (j = 0; j < 10; j++)
branch  0 taken 91%
branch  1 taken 9% (fallthrough)
        -:   60:        {
     2700:   61:	  if (j != i && kingdomCards[j] == kingdomCards[i])
branch  0 taken 90% (fallthrough)
branch  1 taken 10%
branch  2 taken 0% (fallthrough)
branch  3 taken 100%
        -:   62:	    {
    #####:   63:	      return -1;
        -:   64:	    }
        -:   65:        }
        -:   66:    }
        -:   67:
        -:   68:
        -:   69:  //initialize supply
        -:   70:  ///////////////////////////////
        -:   71:
        -:   72:  //set number of Curse cards
       27:   73:  if (numPlayers == 2)
branch  0 taken 100% (fallthrough)
branch  1 taken 0%
        -:   74:    {
       27:   75:      state->supplyCount[curse] = 10;
        -:   76:    }
    #####:   77:  else if (numPlayers == 3)
branch  0 never executed
branch  1 never executed
        -:   78:    {
    #####:   79:      state->supplyCount[curse] = 20;
        -:   80:    }
        -:   81:  else
        -:   82:    {
    #####:   83:      state->supplyCount[curse] = 30;
        -:   84:    }
        -:   85:
        -:   86:  //set number of Victory cards
       27:   87:  if (numPlayers == 2)
branch  0 taken 100% (fallthrough)
branch  1 taken 0%
        -:   88:    {
       27:   89:      state->supplyCount[estate] = 8;
       27:   90:      state->supplyCount[duchy] = 8;
       27:   91:      state->supplyCount[province] = 8;
        -:   92:    }
        -:   93:  else
        -:   94:    {
    #####:   95:      state->supplyCount[estate] = 12;
    #####:   96:      state->supplyCount[duchy] = 12;
    #####:   97:      state->supplyCount[province] = 12;
        -:   98:    }
        -:   99:
        -:  100:  //set number of Treasure cards
       27:  101:  state->supplyCount[copper] = 60 - (7 * numPlayers);
       27:  102:  state->supplyCount[silver] = 40;
       27:  103:  state->supplyCount[gold] = 30;
        -:  104:
        -:  105:  //set number of Kingdom cards
      567:  106:  for (i = adventurer; i <= treasure_map; i++)       	//loop all cards
branch  0 taken 95%
branch  1 taken 5% (fallthrough)
        -:  107:    {
     4455:  108:      for (j = 0; j < 10; j++)           		//loop chosen cards
branch  0 taken 94%
branch  1 taken 6% (fallthrough)
        -:  109:	{
     4185:  110:	  if (kingdomCards[j] == i)
branch  0 taken 6% (fallthrough)
branch  1 taken 94%
        -:  111:	    {
        -:  112:	      //check if card is a 'Victory' Kingdom card
      270:  113:	      if (kingdomCards[j] == great_hall || kingdomCards[j] == gardens)
branch  0 taken 92% (fallthrough)
branch  1 taken 8%
branch  2 taken 0% (fallthrough)
branch  3 taken 100%
        -:  114:		{
       42:  115:		  if (numPlayers == 2){ 
branch  0 taken 100% (fallthrough)
branch  1 taken 0%
       21:  116:		    state->supplyCount[i] = 8; 
        -:  117:		  }
    #####:  118:		  else{ state->supplyCount[i] = 12; }
        -:  119:		}
        -:  120:	      else
        -:  121:		{
      249:  122:		  state->supplyCount[i] = 10;
        -:  123:		}
      270:  124:	      break;
        -:  125:	    }
        -:  126:	  else    //card is not in the set choosen for the game
        -:  127:	    {
     3915:  128:	      state->supplyCount[i] = -1;
        -:  129:	    }
        -:  130:	}
        -:  131:
        -:  132:    }
        -:  133:
        -:  134:  ////////////////////////
        -:  135:  //supply intilization complete
        -:  136:
        -:  137:  //set player decks
       81:  138:  for (i = 0; i < numPlayers; i++)
branch  0 taken 67%
branch  1 taken 33% (fallthrough)
        -:  139:    {
       54:  140:      state->deckCount[i] = 0;
      216:  141:      for (j = 0; j < 3; j++)
branch  0 taken 75%
branch  1 taken 25% (fallthrough)
        -:  142:	{
      162:  143:	  state->deck[i][j] = estate;
      162:  144:	  state->deckCount[i]++;
        -:  145:	}
      432:  146:      for (j = 3; j < 10; j++)
branch  0 taken 88%
branch  1 taken 13% (fallthrough)
        -:  147:	{
      378:  148:	  state->deck[i][j] = copper;
      378:  149:	  state->deckCount[i]++;		
        -:  150:	}
        -:  151:    }
        -:  152:
        -:  153:  //shuffle player decks
       81:  154:  for (i = 0; i < numPlayers; i++)
branch  0 taken 67%
branch  1 taken 33% (fallthrough)
        -:  155:    {
       54:  156:      if ( shuffle(i, state) < 0 )
call    0 returned 100%
branch  1 taken 0% (fallthrough)
branch  2 taken 100%
        -:  157:	{
    #####:  158:	  return -1;
        -:  159:	}
        -:  160:    }
        -:  161:
        -:  162:  //draw player hands
       81:  163:  for (i = 0; i < numPlayers; i++)
branch  0 taken 67%
branch  1 taken 33% (fallthrough)
        -:  164:    {  
        -:  165:      //initialize hand size to zero
       54:  166:      state->handCount[i] = 0;
       54:  167:      state->discardCount[i] = 0;
        -:  168:      //draw 5 cards
        -:  169:      // for (j = 0; j < 5; j++)
        -:  170:      //	{
        -:  171:      //	  drawCard(i, state);
        -:  172:      //	}
        -:  173:    }
        -:  174:  
        -:  175:  //set embargo tokens to 0 for all supply piles
      756:  176:  for (i = 0; i <= treasure_map; i++)
branch  0 taken 96%
branch  1 taken 4% (fallthrough)
        -:  177:    {
      729:  178:      state->embargoTokens[i] = 0;
        -:  179:    }
        -:  180:
        -:  181:  //initialize first player's turn
       27:  182:  state->outpostPlayed = 0;
       27:  183:  state->phase = 0;
       27:  184:  state->numActions = 1;
       27:  185:  state->numBuys = 1;
       27:  186:  state->playedCardCount = 0;
       27:  187:  state->whoseTurn = 0;
       27:  188:  state->handCount[state->whoseTurn] = 0;
        -:  189:  //int it; move to top
        -:  190:
        -:  191:  //Moved draw cards to here, only drawing at the start of a turn
      162:  192:  for (it = 0; it < 5; it++){
branch  0 taken 83%
branch  1 taken 17% (fallthrough)
      135:  193:    drawCard(state->whoseTurn, state);
call    0 returned 100%
        -:  194:  }
        -:  195:
       27:  196:  updateCoins(state->whoseTurn, state, 0);
call    0 returned 100%
        -:  197:
       27:  198:  return 0;
        -:  199:}
        -:  200:
function shuffle called 72 returned 100% blocks executed 100%
       72:  201:int shuffle(int player, struct gameState *state) {
        -:  202: 
        -:  203:
        -:  204:  int newDeck[MAX_DECK];
       72:  205:  int newDeckPos = 0;
        -:  206:  int card;
        -:  207:  int i;
        -:  208:
       72:  209:  if (state->deckCount[player] < 1)
branch  0 taken 25% (fallthrough)
branch  1 taken 75%
       18:  210:    return -1;
       54:  211:  qsort ((void*)(state->deck[player]), state->deckCount[player], sizeof(int), compare); 
call    0 returned 100%
        -:  212:  /* SORT CARDS IN DECK TO ENSURE DETERMINISM! */
        -:  213:
      648:  214:  while (state->deckCount[player] > 0) {
branch  0 taken 91%
branch  1 taken 9% (fallthrough)
      540:  215:    card = floor(Random() * state->deckCount[player]);
call    0 returned 100%
      540:  216:    newDeck[newDeckPos] = state->deck[player][card];
      540:  217:    newDeckPos++;
     1890:  218:    for (i = card; i < state->deckCount[player]-1; i++) {
branch  0 taken 71%
branch  1 taken 29% (fallthrough)
     1350:  219:      state->deck[player][i] = state->deck[player][i+1];
        -:  220:    }
      540:  221:    state->deckCount[player]--;
        -:  222:  }
      594:  223:  for (i = 0; i < newDeckPos; i++) {
branch  0 taken 91%
branch  1 taken 9% (fallthrough)
      540:  224:    state->deck[player][i] = newDeck[i];
      540:  225:    state->deckCount[player]++;
        -:  226:  }
        -:  227:
       54:  228:  return 0;
        -:  229:}
        -:  230:
function playCard called 3 returned 100% blocks executed 73%
        3:  231:int playCard(int handPos, int choice1, int choice2, int choice3, struct gameState *state) 
        -:  232:{	
        -:  233:  int card;
        3:  234:  int coin_bonus = 0; 		//tracks coins gain from actions
        -:  235:
        -:  236:  //check if it is the right phase
        3:  237:  if (state->phase != 0)
branch  0 taken 0% (fallthrough)
branch  1 taken 100%
        -:  238:    {
    #####:  239:      return -1;
        -:  240:    }
        -:  241:	
        -:  242:  //check if player has enough actions
        3:  243:  if ( state->numActions < 1 )
branch  0 taken 0% (fallthrough)
branch  1 taken 100%
        -:  244:    {
    #####:  245:      return -1;
        -:  246:    }
        -:  247:	
        -:  248:  //get card played
        3:  249:  card = handCard(handPos, state);
call    0 returned 100%
        -:  250:	
        -:  251:  //check if selected card is an action
        3:  252:  if ( card < adventurer || card > treasure_map )
branch  0 taken 100% (fallthrough)
branch  1 taken 0%
branch  2 taken 0% (fallthrough)
branch  3 taken 100%
        -:  253:    {
    #####:  254:      return -1;
        -:  255:    }
        -:  256:	
        -:  257:  //play card
        3:  258:  if ( cardEffect(card, choice1, choice2, choice3, state, handPos, &coin_bonus) < 0 )
call    0 returned 100%
branch  1 taken 0% (fallthrough)
branch  2 taken 100%
        -:  259:    {
    #####:  260:      return -1;
        -:  261:    }
        -:  262:	
        -:  263:  //reduce number of actions
        3:  264:  state->numActions--;
        -:  265:
        -:  266:  //update coins (Treasure cards may be added with card draws)
        3:  267:  updateCoins(state->whoseTurn, state, coin_bonus);
call    0 returned 100%
        -:  268:	
        3:  269:  return 0;
        -:  270:}
        -:  271:
function buyCard called 0 returned 0% blocks executed 0%
    #####:  272:int buyCard(int supplyPos, struct gameState *state) {
        -:  273:  int who;
        -:  274:  if (DEBUG){
        -:  275:    printf("Entering buyCard...\n");
        -:  276:  }
        -:  277:
        -:  278:  // I don't know what to do about the phase thing.
        -:  279:
    #####:  280:  who = state->whoseTurn;
        -:  281:
    #####:  282:  if (state->numBuys < 1){
branch  0 never executed
branch  1 never executed
        -:  283:    if (DEBUG)
        -:  284:      printf("You do not have any buys left\n");
    #####:  285:    return -1;
    #####:  286:  } else if (supplyCount(supplyPos, state) <1){
call    0 never executed
branch  1 never executed
branch  2 never executed
        -:  287:    if (DEBUG)
        -:  288:      printf("There are not any of that type of card left\n");
    #####:  289:    return -1;
    #####:  290:  } else if (state->coins < getCost(supplyPos)){
call    0 never executed
branch  1 never executed
branch  2 never executed
        -:  291:    if (DEBUG) 
        -:  292:      printf("You do not have enough money to buy that. You have %d coins.\n", state->coins);
    #####:  293:    return -1;
        -:  294:  } else {
    #####:  295:    state->phase=1;
        -:  296:    //state->supplyCount[supplyPos]--;
    #####:  297:    gainCard(supplyPos, state, 0, who); //card goes in discard, this might be wrong.. (2 means goes into hand, 0 goes into discard)
call    0 never executed
        -:  298:  
    #####:  299:    state->coins = (state->coins) - (getCost(supplyPos));
call    0 never executed
    #####:  300:    state->numBuys--;
        -:  301:    if (DEBUG)
        -:  302:      printf("You bought card number %d for %d coins. You now have %d buys and %d coins.\n", supplyPos, getCost(supplyPos), state->numBuys, state->coins);
        -:  303:  }
        -:  304:
        -:  305:  //state->discard[who][state->discardCount[who]] = supplyPos;
        -:  306:  //state->discardCount[who]++;
        -:  307:    
    #####:  308:  return 0;
        -:  309:}
        -:  310:
function numHandCards called 21 returned 100% blocks executed 100%
       21:  311:int numHandCards(struct gameState *state) {
       21:  312:  return state->handCount[ whoseTurn(state) ];
call    0 returned 100%
        -:  313:}
        -:  314:
function handCard called 27 returned 100% blocks executed 100%
       27:  315:int handCard(int handPos, struct gameState *state) {
       27:  316:  int currentPlayer = whoseTurn(state);
call    0 returned 100%
       27:  317:  return state->hand[currentPlayer][handPos];
        -:  318:}
        -:  319:
function supplyCount called 21 returned 100% blocks executed 100%
       21:  320:int supplyCount(int card, struct gameState *state) {
       21:  321:  return state->supplyCount[card];
        -:  322:}
        -:  323:
function fullDeckCount called 0 returned 0% blocks executed 0%
    #####:  324:int fullDeckCount(int player, int card, struct gameState *state) {
        -:  325:  int i;
    #####:  326:  int count = 0;
        -:  327:
    #####:  328:  for (i = 0; i < state->deckCount[player]; i++)
branch  0 never executed
branch  1 never executed
        -:  329:    {
    #####:  330:      if (state->deck[player][i] == card) count++;
branch  0 never executed
branch  1 never executed
        -:  331:    }
        -:  332:
    #####:  333:  for (i = 0; i < state->handCount[player]; i++)
branch  0 never executed
branch  1 never executed
        -:  334:    {
    #####:  335:      if (state->hand[player][i] == card) count++;
branch  0 never executed
branch  1 never executed
        -:  336:    }
        -:  337:
    #####:  338:  for (i = 0; i < state->discardCount[player]; i++)
branch  0 never executed
branch  1 never executed
        -:  339:    {
    #####:  340:      if (state->discard[player][i] == card) count++;
branch  0 never executed
branch  1 never executed
        -:  341:    }
        -:  342:
    #####:  343:  return count;
        -:  344:}
        -:  345:
function whoseTurn called 78 returned 100% blocks executed 100%
       78:  346:int whoseTurn(struct gameState *state) {
       78:  347:  return state->whoseTurn;
        -:  348:}
        -:  349:
function endTurn called 0 returned 0% blocks executed 0%
    #####:  350:int endTurn(struct gameState *state) {
        -:  351:  int k;
        -:  352:  int i;
    #####:  353:  int currentPlayer = whoseTurn(state);
call    0 never executed
        -:  354:  
        -:  355:  //Discard hand
    #####:  356:  for (i = 0; i < state->handCount[currentPlayer]; i++){
branch  0 never executed
branch  1 never executed
    #####:  357:    state->discard[currentPlayer][state->discardCount[currentPlayer]++] = state->hand[currentPlayer][i];//Discard
    #####:  358:    state->hand[currentPlayer][i] = -1;//Set card to -1
        -:  359:  }
    #####:  360:  state->handCount[currentPlayer] = 0;//Reset hand count
        -:  361:    
        -:  362:  //Code for determining the player
    #####:  363:  if (currentPlayer < (state->numPlayers - 1)){ 
branch  0 never executed
branch  1 never executed
    #####:  364:    state->whoseTurn = currentPlayer + 1;//Still safe to increment
        -:  365:  }
        -:  366:  else{
    #####:  367:    state->whoseTurn = 0;//Max player has been reached, loop back around to player 1
        -:  368:  }
        -:  369:
    #####:  370:  state->outpostPlayed = 0;
    #####:  371:  state->phase = 0;
    #####:  372:  state->numActions = 1;
    #####:  373:  state->coins = 0;
    #####:  374:  state->numBuys = 1;
    #####:  375:  state->playedCardCount = 0;
    #####:  376:  state->handCount[state->whoseTurn] = 0;
        -:  377:
        -:  378:  //int k; move to top
        -:  379:  //Next player draws hand
    #####:  380:  for (k = 0; k < 5; k++){
branch  0 never executed
branch  1 never executed
    #####:  381:    drawCard(state->whoseTurn, state);//Draw a card
call    0 never executed
        -:  382:  }
        -:  383:
        -:  384:  //Update money
    #####:  385:  updateCoins(state->whoseTurn, state , 0);
call    0 never executed
        -:  386:
    #####:  387:  return 0;
        -:  388:}
        -:  389:
function isGameOver called 12 returned 100% blocks executed 100%
       12:  390:int isGameOver(struct gameState *state) {
        -:  391:  int i;
        -:  392:  int j;
        -:  393:	
        -:  394:  //if stack of Province cards is empty, the game ends
       12:  395:  if (state->supplyCount[province] == 0)
branch  0 taken 25% (fallthrough)
branch  1 taken 75%
        -:  396:    {
        3:  397:      return 1;
        -:  398:    }
        -:  399:
        -:  400:  //if three supply pile are at 0, the game ends
        9:  401:  j = 0;
      234:  402:  for (i = 0; i < 25; i++)
branch  0 taken 96%
branch  1 taken 4% (fallthrough)
        -:  403:    {
      225:  404:      if (state->supplyCount[i] == 0)
branch  0 taken 12% (fallthrough)
branch  1 taken 88%
        -:  405:	{
       27:  406:	  j++;
        -:  407:	}
        -:  408:    }
        9:  409:  if ( j >= 3)
branch  0 taken 67% (fallthrough)
branch  1 taken 33%
        -:  410:    {
        6:  411:      return 1;
        -:  412:    }
        -:  413:
        3:  414:  return 0;
        -:  415:}
        -:  416:
function scoreFor called 18 returned 100% blocks executed 34%
       18:  417:int scoreFor (int player, struct gameState *state) {
        -:  418:
        -:  419:  int i;
       18:  420:  int score = 0;
        -:  421:  //score from hand
       87:  422:  for (i = 0; i < state->handCount[player]; i++)
branch  0 taken 79%
branch  1 taken 21% (fallthrough)
        -:  423:    {
       69:  424:      if (state->hand[player][i] == curse) { score = score - 1; };
branch  0 taken 0% (fallthrough)
branch  1 taken 100%
       69:  425:      if (state->hand[player][i] == estate) { score = score + 1; };
branch  0 taken 13% (fallthrough)
branch  1 taken 87%
       69:  426:      if (state->hand[player][i] == duchy) { score = score + 3; };
branch  0 taken 0% (fallthrough)
branch  1 taken 100%
       69:  427:      if (state->hand[player][i] == province) { score = score + 6; };
branch  0 taken 35% (fallthrough)
branch  1 taken 65%
       69:  428:      if (state->hand[player][i] == great_hall) { score = score + 1; };
branch  0 taken 0% (fallthrough)
branch  1 taken 100%
       69:  429:      if (state->hand[player][i] == gardens) { score = score + ( fullDeckCount(player, 0, state) / 10 ); };
branch  0 taken 0% (fallthrough)
branch  1 taken 100%
call    2 never executed
        -:  430:    }
        -:  431:
        -:  432:  //score from discard
       18:  433:  for (i = 0; i < state->discardCount[player]; i++)
branch  0 taken 0%
branch  1 taken 100% (fallthrough)
        -:  434:    {
    #####:  435:      if (state->discard[player][i] == curse) { score = score - 1; };
branch  0 never executed
branch  1 never executed
    #####:  436:      if (state->discard[player][i] == estate) { score = score + 1; };
branch  0 never executed
branch  1 never executed
    #####:  437:      if (state->discard[player][i] == duchy) { score = score + 3; };
branch  0 never executed
branch  1 never executed
    #####:  438:      if (state->discard[player][i] == province) { score = score + 6; };
branch  0 never executed
branch  1 never executed
    #####:  439:      if (state->discard[player][i] == great_hall) { score = score + 1; };
branch  0 never executed
branch  1 never executed
    #####:  440:      if (state->discard[player][i] == gardens) { score = score + ( fullDeckCount(player, 0, state) / 10 ); };
branch  0 never executed
branch  1 never executed
call    2 never executed
        -:  441:    }
        -:  442:
        -:  443:  //score from deck
       18:  444:  for (i = 0; i < state->discardCount[player]; i++)
branch  0 taken 0%
branch  1 taken 100% (fallthrough)
        -:  445:    {
    #####:  446:      if (state->deck[player][i] == curse) { score = score - 1; };
branch  0 never executed
branch  1 never executed
    #####:  447:      if (state->deck[player][i] == estate) { score = score + 1; };
branch  0 never executed
branch  1 never executed
    #####:  448:      if (state->deck[player][i] == duchy) { score = score + 3; };
branch  0 never executed
branch  1 never executed
    #####:  449:      if (state->deck[player][i] == province) { score = score + 6; };
branch  0 never executed
branch  1 never executed
    #####:  450:      if (state->deck[player][i] == great_hall) { score = score + 1; };
branch  0 never executed
branch  1 never executed
    #####:  451:      if (state->deck[player][i] == gardens) { score = score + ( fullDeckCount(player, 0, state) / 10 ); };
branch  0 never executed
branch  1 never executed
call    2 never executed
        -:  452:    }
        -:  453:
       18:  454:  return score;
        -:  455:}
        -:  456:
function getWinners called 9 returned 100% blocks executed 100%
        9:  457:int getWinners(int players[MAX_PLAYERS], struct gameState *state) {
        -:  458:  int i;	
        -:  459:  int j;
        -:  460:  int highScore;
        -:  461:  int currentPlayer;
        -:  462:
        -:  463:  //get score for each player
       45:  464:  for (i = 0; i < MAX_PLAYERS; i++)
branch  0 taken 80%
branch  1 taken 20% (fallthrough)
        -:  465:    {
        -:  466:      //set unused player scores to -9999
       36:  467:      if (i >= state->numPlayers)
branch  0 taken 50% (fallthrough)
branch  1 taken 50%
        -:  468:	{
       18:  469:	  players[i] = -9999;
        -:  470:	}
        -:  471:      else
        -:  472:	{
       18:  473:	  players[i] = scoreFor (i, state);
call    0 returned 100%
        -:  474:	}
        -:  475:    }
        -:  476:
        -:  477:  //find highest score
        9:  478:  j = 0;
       45:  479:  for (i = 0; i < MAX_PLAYERS; i++)
branch  0 taken 80%
branch  1 taken 20% (fallthrough)
        -:  480:    {
       36:  481:      if (players[i] > players[j])
branch  0 taken 25% (fallthrough)
branch  1 taken 75%
        -:  482:	{
        9:  483:	  j = i;
        -:  484:	}
        -:  485:    }
        9:  486:  highScore = players[j];
        -:  487:
        -:  488:  //add 1 to players who had less turns
        9:  489:  currentPlayer = whoseTurn(state);
call    0 returned 100%
       45:  490:  for (i = 0; i < MAX_PLAYERS; i++)
branch  0 taken 80%
branch  1 taken 20% (fallthrough)
        -:  491:    {
       36:  492:      if ( players[i] == highScore && i > currentPlayer )
branch  0 taken 25% (fallthrough)
branch  1 taken 75%
branch  2 taken 100% (fallthrough)
branch  3 taken 0%
        -:  493:	{
        9:  494:	  players[i]++;
        -:  495:	}
        -:  496:    }
        -:  497:
        -:  498:  //find new highest score
        9:  499:  j = 0;
       45:  500:  for (i = 0; i < MAX_PLAYERS; i++)
branch  0 taken 80%
branch  1 taken 20% (fallthrough)
        -:  501:    {
       36:  502:      if ( players[i] > players[j] )
branch  0 taken 25% (fallthrough)
branch  1 taken 75%
        -:  503:	{
        9:  504:	  j = i;
        -:  505:	}
        -:  506:    }
        9:  507:  highScore = players[j];
        -:  508:
        -:  509:  //set winners in array to 1 and rest to 0
       45:  510:  for (i = 0; i < MAX_PLAYERS; i++)
branch  0 taken 80%
branch  1 taken 20% (fallthrough)
        -:  511:    {
       36:  512:      if ( players[i] == highScore )
branch  0 taken 25% (fallthrough)
branch  1 taken 75%
        -:  513:	{
        9:  514:	  players[i] = 1;
        -:  515:	}
        -:  516:      else
        -:  517:	{
       27:  518:	  players[i] = 0;
        -:  519:	}
        -:  520:    }
        -:  521:
        9:  522:  return 0;
        -:  523:}
        -:  524:
function drawCard called 198 returned 100% blocks executed 85%
      198:  525:int drawCard(int player, struct gameState *state)
        -:  526:{	int count;
        -:  527:  int deckCounter;
      198:  528:  if (state->deckCount[player] <= 0){//Deck is empty
branch  0 taken 9% (fallthrough)
branch  1 taken 91%
        -:  529:    
        -:  530:    //Step 1 Shuffle the discard pile back into a deck
        -:  531:    int i;
        -:  532:    //Move discard to deck
       18:  533:    for (i = 0; i < state->discardCount[player];i++){
branch  0 taken 0%
branch  1 taken 100% (fallthrough)
    #####:  534:      state->deck[player][i] = state->discard[player][i];
    #####:  535:      state->discard[player][i] = -1;
        -:  536:    }
        -:  537:
       18:  538:    state->deckCount[player] = state->discardCount[player];
       18:  539:    state->discardCount[player] = 0;//Reset discard
        -:  540:
        -:  541:    //Shufffle the deck
       18:  542:    shuffle(player, state);//Shuffle the deck up and make it so that we can draw
call    0 returned 100%
        -:  543:   
        -:  544:    if (DEBUG){//Debug statements
        -:  545:      printf("Deck count now: %d\n", state->deckCount[player]);
        -:  546:    }
        -:  547:    
       18:  548:    state->discardCount[player] = 0;
        -:  549:
        -:  550:    //Step 2 Draw Card
       18:  551:    count = state->handCount[player];//Get current player's hand count
        -:  552:    
        -:  553:    if (DEBUG){//Debug statements
        -:  554:      printf("Current hand count: %d\n", count);
        -:  555:    }
        -:  556:    
       18:  557:    deckCounter = state->deckCount[player];//Create a holder for the deck count
        -:  558:
       18:  559:    if (deckCounter == 0)
branch  0 taken 100% (fallthrough)
branch  1 taken 0%
       18:  560:      return -1;
        -:  561:
    #####:  562:    state->hand[player][count] = state->deck[player][deckCounter - 1];//Add card to hand
    #####:  563:    state->deckCount[player]--;
    #####:  564:    state->handCount[player]++;//Increment hand count
        -:  565:  }
        -:  566:
        -:  567:  else{
      180:  568:    int count = state->handCount[player];//Get current hand count for player
        -:  569:    int deckCounter;
        -:  570:    if (DEBUG){//Debug statements
        -:  571:      printf("Current hand count: %d\n", count);
        -:  572:    }
        -:  573:
      180:  574:    deckCounter = state->deckCount[player];//Create holder for the deck count
      180:  575:    state->hand[player][count] = state->deck[player][deckCounter - 1];//Add card to the hand
      180:  576:    state->deckCount[player]--;
      180:  577:    state->handCount[player]++;//Increment hand count
        -:  578:  }
        -:  579:
      180:  580:  return 0;
        -:  581:}
        -:  582:
function getCost called 0 returned 0% blocks executed 0%
    #####:  583:int getCost(int cardNumber)
        -:  584:{
    #####:  585:  switch( cardNumber ) 
branch  0 never executed
branch  1 never executed
branch  2 never executed
branch  3 never executed
branch  4 never executed
branch  5 never executed
branch  6 never executed
branch  7 never executed
branch  8 never executed
branch  9 never executed
branch 10 never executed
branch 11 never executed
branch 12 never executed
branch 13 never executed
branch 14 never executed
branch 15 never executed
branch 16 never executed
branch 17 never executed
branch 18 never executed
branch 19 never executed
branch 20 never executed
branch 21 never executed
branch 22 never executed
branch 23 never executed
branch 24 never executed
branch 25 never executed
branch 26 never executed
branch 27 never executed
        -:  586:    {
        -:  587:    case curse:
    #####:  588:      return 0;
        -:  589:    case estate:
    #####:  590:      return 2;
        -:  591:    case duchy:
    #####:  592:      return 5;
        -:  593:    case province:
    #####:  594:      return 8;
        -:  595:    case copper:
    #####:  596:      return 0;
        -:  597:    case silver:
    #####:  598:      return 3;
        -:  599:    case gold:
    #####:  600:      return 6;
        -:  601:    case adventurer:
    #####:  602:      return 6;
        -:  603:    case council_room:
    #####:  604:      return 5;
        -:  605:    case feast:
    #####:  606:      return 4;
        -:  607:    case gardens:
    #####:  608:      return 4;
        -:  609:    case mine:
    #####:  610:      return 5;
        -:  611:    case remodel:
    #####:  612:      return 4;
        -:  613:    case smithy:
    #####:  614:      return 4;
        -:  615:    case village:
    #####:  616:      return 3;
        -:  617:    case baron:
    #####:  618:      return 4;
        -:  619:    case great_hall:
    #####:  620:      return 3;
        -:  621:    case minion:
    #####:  622:      return 5;
        -:  623:    case steward:
    #####:  624:      return 3;
        -:  625:    case tribute:
    #####:  626:      return 5;
        -:  627:    case ambassador:
    #####:  628:      return 3;
        -:  629:    case cutpurse:
    #####:  630:      return 4;
        -:  631:    case embargo: 
    #####:  632:      return 2;
        -:  633:    case outpost:
    #####:  634:      return 5;
        -:  635:    case salvager:
    #####:  636:      return 4;
        -:  637:    case sea_hag:
    #####:  638:      return 4;
        -:  639:    case treasure_map:
    #####:  640:      return 4;
        -:  641:    }
        -:  642:	
    #####:  643:  return -1;
        -:  644:}
        -:  645:
function smithy_f called 6 returned 100% blocks executed 100%
        6:  646:int smithy_f(int currentPlayer, struct gameState *state, int handPos){
        -:  647:    // FIXME BUG <-- not using the same game state
        6:  648:    struct gameState *bugState = malloc(sizeof(struct gameState));
        -:  649:
        -:  650:    //+3 Cards
        -:  651:    int i;
       24:  652:    for (i = 0; i < 3; i++)
branch  0 taken 75%
branch  1 taken 25% (fallthrough)
        -:  653:	{
       18:  654:	  drawCard(currentPlayer, bugState);
call    0 returned 100%
        -:  655:	  // drawCard(currentPlayer, state);
        -:  656:	}
        -:  657:    //discard card from hand
        6:  658:    discardCard(handPos, currentPlayer, bugState, 0);
call    0 returned 100%
        -:  659:    //discardCard(handPos, currentPlayer, state, 0);
        6:  660:    return 0;
        -:  661:}
        -:  662:
function adventurer_f called 9 returned 100% blocks executed 59%
        9:  663:int adventurer_f(int drawntreasure, struct gameState *state, int currentPlayer) {
        -:  664:    int cardDrawn; // to hold the top card
        9:  665:    int z = 0;
        -:  666:    int temphand[MAX_HAND];
        -:  667:    // FIXME BUG <-- should be 2 instead of 3
       45:  668:    while(drawntreasure<3){
branch  0 taken 75%
branch  1 taken 25% (fallthrough)
        -:  669:    //while(drawntreasure<2){
       27:  670:	    if (state->deckCount[currentPlayer] <1){//if the deck is empty we need to shuffle discard and add to deck
branch  0 taken 0% (fallthrough)
branch  1 taken 100%
        -:  671:            // FIXME BUG <-- instead of shuffling the currentPlayer, another player shuffles their deck
    #####:  672:            if (currentPlayer == 0)
branch  0 never executed
branch  1 never executed
    #####:  673:	            shuffle(currentPlayer + 1, state);
call    0 never executed
        -:  674:            else
    #####:  675:	            shuffle(currentPlayer - 1, state);
call    0 never executed
        -:  676:	        //shuffle(currentPlayer, state);
        -:  677:	    }
       27:  678:	    drawCard(currentPlayer, state);
call    0 returned 100%
       27:  679:	    cardDrawn = state->hand[currentPlayer][state->handCount[currentPlayer]-1];//top card of hand is most recently drawn card.
       27:  680:	    if (cardDrawn == copper || cardDrawn == silver || cardDrawn == gold)
branch  0 taken 0% (fallthrough)
branch  1 taken 100%
branch  2 never executed
branch  3 never executed
branch  4 never executed
branch  5 never executed
       27:  681:	      drawntreasure++;
        -:  682:	    else{
    #####:  683:	      temphand[z]=cardDrawn;
    #####:  684:	      state->handCount[currentPlayer]--; //this should just remove the top card (the most recently drawn one).
    #####:  685:	      z++;
        -:  686:	    }
        -:  687:      }
       18:  688:    while(z-1>=0){
branch  0 taken 0%
branch  1 taken 100% (fallthrough)
    #####:  689:	    state->discard[currentPlayer][state->discardCount[currentPlayer]++]=temphand[z-1]; // discard all cards in play that have been drawn
    #####:  690:	    z=z-1;
        -:  691:    }
        9:  692:    return 0;
        -:  693:}
        -:  694:
function council_room_f called 3 returned 100% blocks executed 100%
        3:  695:int council_room_f(int currentPlayer, struct gameState *state, int handPos) {
        -:  696:    int i;
        -:  697:    //+4 Cards
       15:  698:      for (i = 0; i < 4; i++)
branch  0 taken 80%
branch  1 taken 20% (fallthrough)
        -:  699:	{
       12:  700:	  drawCard(currentPlayer, state);
call    0 returned 100%
        -:  701:	}
        -:  702:			
        -:  703:      //+1 Buy
        -:  704:      // FIXME BUG <-- commenting this out
        -:  705:      //state->numBuys++;
        -:  706:			
        -:  707:      //Each other player draws a card
        9:  708:      for (i = 0; i < state->numPlayers; i++)
branch  0 taken 67%
branch  1 taken 33% (fallthrough)
        -:  709:	{
        6:  710:	  if ( i != currentPlayer )
branch  0 taken 50% (fallthrough)
branch  1 taken 50%
        -:  711:	    {
        3:  712:	      drawCard(i, state);
call    0 returned 100%
        -:  713:	    }
        -:  714:	}
        -:  715:      //put played card in played card pile
        3:  716:      discardCard(handPos, currentPlayer, state, 0);
call    0 returned 100%
        -:  717:			
        3:  718:      return 0;
        -:  719:}
        -:  720:
function village_f called 0 returned 0% blocks executed 0%
    #####:  721:int village_f(int currentPlayer, struct gameState *state, int handPos){
        -:  722:      //+1 Card
    #####:  723:      drawCard(currentPlayer, state);
call    0 never executed
        -:  724:			
        -:  725:      //+2 Actions
        -:  726:      // FIXME BUG <-- instead of actions, it increments the number of buys
    #####:  727:      state->numActions = state->numBuys + 2;
        -:  728:      //state->numActions = state->numActions + 2;
        -:  729:			
        -:  730:      //discard played card from hand
    #####:  731:      discardCard(handPos, currentPlayer, state, 0);
call    0 never executed
    #####:  732:      return 0;
        -:  733:}
        -:  734:
function great_hall_f called 3 returned 100% blocks executed 100%
        3:  735:int great_hall_f(int currentPlayer, struct gameState *state, int handPos){
        -:  736:      //+1 Card
        3:  737:      drawCard(currentPlayer, state);
call    0 returned 100%
        -:  738:			
        -:  739:      //+1 Actions
        3:  740:      state->numActions++;
        -:  741:			
        -:  742:      //discard card from hand
        3:  743:      discardCard(handPos, currentPlayer, state, 0);
call    0 returned 100%
        3:  744:      return 0;
        -:  745:}
        -:  746:
        -:  747:
        -:  748:
function cardEffect called 21 returned 100% blocks executed 7%
       21:  749:int cardEffect(int card, int choice1, int choice2, int choice3, struct gameState *state, int handPos, int *bonus)
        -:  750:{
        -:  751:  int i;
        -:  752:  int j;
        -:  753:  int k;
        -:  754:  int x;
        -:  755:  int index;
       21:  756:  int currentPlayer = whoseTurn(state);
call    0 returned 100%
       21:  757:  int nextPlayer = currentPlayer + 1;
        -:  758:
       21:  759:  int tributeRevealedCards[2] = {-1, -1};
        -:  760:  int temphand[MAX_HAND];// moved above the if statement
       21:  761:  int drawntreasure=0;
        -:  762:  //int cardDrawn;
        -:  763:  //int z = 0;// this is the counter for the temp hand
       21:  764:  if (nextPlayer > (state->numPlayers - 1)){
branch  0 taken 0% (fallthrough)
branch  1 taken 100%
    #####:  765:    nextPlayer = 0;
        -:  766:  }
        -:  767:
        -:  768:	
        -:  769:  //uses switch to select card and perform actions
       21:  770:  switch( card ) 
branch  0 taken 43%
branch  1 taken 14%
branch  2 taken 0%
branch  3 taken 0%
branch  4 taken 0%
branch  5 taken 0%
branch  6 taken 29%
branch  7 taken 0%
branch  8 taken 0%
branch  9 taken 14%
branch 10 taken 0%
branch 11 taken 0%
branch 12 taken 0%
branch 13 taken 0%
branch 14 taken 0%
branch 15 taken 0%
branch 16 taken 0%
branch 17 taken 0%
branch 18 taken 0%
branch 19 taken 0%
branch 20 taken 0%
        -:  771:    {
        -:  772:    case adventurer:
        -:  773:
        9:  774:        if (adventurer_f(drawntreasure, state, currentPlayer) == 0)
call    0 returned 100%
branch  1 taken 100% (fallthrough)
branch  2 taken 0%
        9:  775:            return 0;
        -:  776:      /*while(drawntreasure<2){
        -:  777:	if (state->deckCount[currentPlayer] <1){//if the deck is empty we need to shuffle discard and add to deck
        -:  778:	  shuffle(currentPlayer, state);
        -:  779:	}
        -:  780:	drawCard(currentPlayer, state);
        -:  781:	cardDrawn = state->hand[currentPlayer][state->handCount[currentPlayer]-1];//top card of hand is most recently drawn card.
        -:  782:	if (cardDrawn == copper || cardDrawn == silver || cardDrawn == gold)
        -:  783:	  drawntreasure++;
        -:  784:	else{
        -:  785:	  temphand[z]=cardDrawn;
        -:  786:	  state->handCount[currentPlayer]--; //this should just remove the top card (the most recently drawn one).
        -:  787:	  z++;
        -:  788:	}
        -:  789:      }
        -:  790:      while(z-1>=0){
        -:  791:	state->discard[currentPlayer][state->discardCount[currentPlayer]++]=temphand[z-1]; // discard all cards in play that have been drawn
        -:  792:	z=z-1;
        -:  793:      }
        -:  794:      return 0;*/
        -:  795:			
        -:  796:    case council_room:
        3:  797:        if (council_room_f(currentPlayer, state, handPos) == 0)
call    0 returned 100%
branch  1 taken 100% (fallthrough)
branch  2 taken 0%
        3:  798:            return 0;
        -:  799:    /*
        -:  800:      //+4 Cards
        -:  801:      for (i = 0; i < 4; i++)
        -:  802:	{
        -:  803:	  drawCard(currentPlayer, state);
        -:  804:	}
        -:  805:			
        -:  806:      //+1 Buy
        -:  807:      state->numBuys++;
        -:  808:			
        -:  809:      //Each other player draws a card
        -:  810:      for (i = 0; i < state->numPlayers; i++)
        -:  811:	{
        -:  812:	  if ( i != currentPlayer )
        -:  813:	    {
        -:  814:	      drawCard(i, state);
        -:  815:	    }
        -:  816:	}
        -:  817:			
        -:  818:      //put played card in played card pile
        -:  819:      discardCard(handPos, currentPlayer, state, 0);
        -:  820:			
        -:  821:      return 0;*/
        -:  822:			
        -:  823:    case feast:
        -:  824:      //gain card with cost up to 5
        -:  825:      //Backup hand
    #####:  826:      for (i = 0; i <= state->handCount[currentPlayer]; i++){
branch  0 never executed
branch  1 never executed
    #####:  827:	temphand[i] = state->hand[currentPlayer][i];//Backup card
    #####:  828:	state->hand[currentPlayer][i] = -1;//Set to nothing
        -:  829:      }
        -:  830:      //Backup hand
        -:  831:
        -:  832:      //Update Coins for Buy
    #####:  833:      updateCoins(currentPlayer, state, 5);
call    0 never executed
    #####:  834:      x = 1;//Condition to loop on
    #####:  835:      while( x == 1) {//Buy one card
branch  0 never executed
branch  1 never executed
    #####:  836:	if (supplyCount(choice1, state) <= 0){
call    0 never executed
branch  1 never executed
branch  2 never executed
        -:  837:	  if (DEBUG)
        -:  838:	    printf("None of that card left, sorry!\n");
        -:  839:
        -:  840:	  if (DEBUG){
        -:  841:	    printf("Cards Left: %d\n", supplyCount(choice1, state));
        -:  842:	  }
        -:  843:	}
    #####:  844:	else if (state->coins < getCost(choice1)){
call    0 never executed
branch  1 never executed
branch  2 never executed
    #####:  845:	  printf("That card is too expensive!\n");
call    0 never executed
        -:  846:
        -:  847:	  if (DEBUG){
        -:  848:	    printf("Coins: %d < %d\n", state->coins, getCost(choice1));
        -:  849:	  }
        -:  850:	}
        -:  851:	else{
        -:  852:
        -:  853:	  if (DEBUG){
        -:  854:	    printf("Deck Count: %d\n", state->handCount[currentPlayer] + state->deckCount[currentPlayer] + state->discardCount[currentPlayer]);
        -:  855:	  }
        -:  856:
    #####:  857:	  gainCard(choice1, state, 0, currentPlayer);//Gain the card
call    0 never executed
    #####:  858:	  x = 0;//No more buying cards
        -:  859:
        -:  860:	  if (DEBUG){
        -:  861:	    printf("Deck Count: %d\n", state->handCount[currentPlayer] + state->deckCount[currentPlayer] + state->discardCount[currentPlayer]);
        -:  862:	  }
        -:  863:
        -:  864:	}
        -:  865:      }     
        -:  866:
        -:  867:      //Reset Hand
    #####:  868:      for (i = 0; i <= state->handCount[currentPlayer]; i++){
branch  0 never executed
branch  1 never executed
    #####:  869:	state->hand[currentPlayer][i] = temphand[i];
    #####:  870:	temphand[i] = -1;
        -:  871:      }
        -:  872:      //Reset Hand
        -:  873:      			
    #####:  874:      return 0;
        -:  875:			
        -:  876:    case gardens:
    #####:  877:      return -1;
        -:  878:			
        -:  879:    case mine:
    #####:  880:      j = state->hand[currentPlayer][choice1];  //store card we will trash
        -:  881:
    #####:  882:      if (state->hand[currentPlayer][choice1] < copper || state->hand[currentPlayer][choice1] > gold)
branch  0 never executed
branch  1 never executed
branch  2 never executed
branch  3 never executed
        -:  883:	{
    #####:  884:	  return -1;
        -:  885:	}
        -:  886:		
    #####:  887:      if (choice2 > treasure_map || choice2 < curse)
branch  0 never executed
branch  1 never executed
branch  2 never executed
branch  3 never executed
        -:  888:	{
    #####:  889:	  return -1;
        -:  890:	}
        -:  891:
    #####:  892:      if ( (getCost(state->hand[currentPlayer][choice1]) + 3) > getCost(choice2) )
call    0 never executed
call    1 never executed
branch  2 never executed
branch  3 never executed
        -:  893:	{
    #####:  894:	  return -1;
        -:  895:	}
        -:  896:
    #####:  897:      gainCard(choice2, state, 2, currentPlayer);
call    0 never executed
        -:  898:
        -:  899:      //discard card from hand
    #####:  900:      discardCard(handPos, currentPlayer, state, 0);
call    0 never executed
        -:  901:
        -:  902:      //discard trashed card
    #####:  903:      for (i = 0; i < state->handCount[currentPlayer]; i++)
branch  0 never executed
branch  1 never executed
        -:  904:	{
    #####:  905:	  if (state->hand[currentPlayer][i] == j)
branch  0 never executed
branch  1 never executed
        -:  906:	    {
    #####:  907:	      discardCard(i, currentPlayer, state, 0);			
call    0 never executed
    #####:  908:	      break;
        -:  909:	    }
        -:  910:	}
        -:  911:			
    #####:  912:      return 0;
        -:  913:			
        -:  914:    case remodel:
    #####:  915:      j = state->hand[currentPlayer][choice1];  //store card we will trash
        -:  916:
    #####:  917:      if ( (getCost(state->hand[currentPlayer][choice1]) + 2) > getCost(choice2) )
call    0 never executed
call    1 never executed
branch  2 never executed
branch  3 never executed
        -:  918:	{
    #####:  919:	  return -1;
        -:  920:	}
        -:  921:
    #####:  922:      gainCard(choice2, state, 0, currentPlayer);
call    0 never executed
        -:  923:
        -:  924:      //discard card from hand
    #####:  925:      discardCard(handPos, currentPlayer, state, 0);
call    0 never executed
        -:  926:
        -:  927:      //discard trashed card
    #####:  928:      for (i = 0; i < state->handCount[currentPlayer]; i++)
branch  0 never executed
branch  1 never executed
        -:  929:	{
    #####:  930:	  if (state->hand[currentPlayer][i] == j)
branch  0 never executed
branch  1 never executed
        -:  931:	    {
    #####:  932:	      discardCard(i, currentPlayer, state, 0);			
call    0 never executed
    #####:  933:	      break;
        -:  934:	    }
        -:  935:	}
        -:  936:
        -:  937:
    #####:  938:      return 0;
        -:  939:		
        -:  940:    case smithy:
        6:  941:      if (smithy_f(currentPlayer, state, handPos) == 0)
call    0 returned 100%
branch  1 taken 100% (fallthrough)
branch  2 taken 0%
        6:  942:        return 0;
        -:  943:
        -:  944:    /*
        -:  945:      //+3 Cards
        -:  946:      for (i = 0; i < 3; i++)
        -:  947:	    {
        -:  948:	  drawCard(currentPlayer, state);
        -:  949:	    }
        -:  950:			
        -:  951:      //discard card from hand
        -:  952:      discardCard(handPos, currentPlayer, state, 0);
        -:  953:      return 0;
        -:  954:    */
        -:  955:		
        -:  956:    case village:
    #####:  957:        if (village_f(currentPlayer, state, handPos) == 0)
call    0 never executed
branch  1 never executed
branch  2 never executed
    #####:  958:            return 0;
        -:  959:    /*
        -:  960:      //+1 Card
        -:  961:      drawCard(currentPlayer, state);
        -:  962:			
        -:  963:      //+2 Actions
        -:  964:      state->numActions = state->numActions + 2;
        -:  965:			
        -:  966:      //discard played card from hand
        -:  967:      discardCard(handPos, currentPlayer, state, 0);
        -:  968:      return 0;*/
        -:  969:		
        -:  970:    case baron:
    #####:  971:      state->numBuys++;//Increase buys by 1!
    #####:  972:      if (choice1 > 0){//Boolean true or going to discard an estate
branch  0 never executed
branch  1 never executed
    #####:  973:	int p = 0;//Iterator for hand!
    #####:  974:	int card_not_discarded = 1;//Flag for discard set!
    #####:  975:	while(card_not_discarded){
branch  0 never executed
branch  1 never executed
    #####:  976:	  if (state->hand[currentPlayer][p] == estate){//Found an estate card!
branch  0 never executed
branch  1 never executed
    #####:  977:	    state->coins += 4;//Add 4 coins to the amount of coins
    #####:  978:	    state->discard[currentPlayer][state->discardCount[currentPlayer]] = state->hand[currentPlayer][p];
    #####:  979:	    state->discardCount[currentPlayer]++;
    #####:  980:	    for (;p < state->handCount[currentPlayer]; p++){
branch  0 never executed
branch  1 never executed
    #####:  981:	      state->hand[currentPlayer][p] = state->hand[currentPlayer][p+1];
        -:  982:	    }
    #####:  983:	    state->hand[currentPlayer][state->handCount[currentPlayer]] = -1;
    #####:  984:	    state->handCount[currentPlayer]--;
    #####:  985:	    card_not_discarded = 0;//Exit the loop
        -:  986:	  }
    #####:  987:	  else if (p > state->handCount[currentPlayer]){
branch  0 never executed
branch  1 never executed
        -:  988:	    if(DEBUG) {
        -:  989:	      printf("No estate cards in your hand, invalid choice\n");
        -:  990:	      printf("Must gain an estate if there are any\n");
        -:  991:	    }
    #####:  992:	    if (supplyCount(estate, state) > 0){
call    0 never executed
branch  1 never executed
branch  2 never executed
    #####:  993:	      gainCard(estate, state, 0, currentPlayer);
call    0 never executed
    #####:  994:	      state->supplyCount[estate]--;//Decrement estates
    #####:  995:	      if (supplyCount(estate, state) == 0){
call    0 never executed
branch  1 never executed
branch  2 never executed
    #####:  996:		isGameOver(state);
call    0 never executed
        -:  997:	      }
        -:  998:	    }
    #####:  999:	    card_not_discarded = 0;//Exit the loop
        -: 1000:	  }
        -: 1001:			    
        -: 1002:	  else{
    #####: 1003:	    p++;//Next card
        -: 1004:	  }
        -: 1005:	}
        -: 1006:      }
        -: 1007:			    
        -: 1008:      else{
    #####: 1009:	if (supplyCount(estate, state) > 0){
call    0 never executed
branch  1 never executed
branch  2 never executed
    #####: 1010:	  gainCard(estate, state, 0, currentPlayer);//Gain an estate
call    0 never executed
    #####: 1011:	  state->supplyCount[estate]--;//Decrement Estates
    #####: 1012:	  if (supplyCount(estate, state) == 0){
call    0 never executed
branch  1 never executed
branch  2 never executed
    #####: 1013:	    isGameOver(state);
call    0 never executed
        -: 1014:	  }
        -: 1015:	}
        -: 1016:      }
        -: 1017:	    
    #####: 1018:      return 0;
        -: 1019:		
        -: 1020:    case great_hall:
        3: 1021:        if(great_hall_f(currentPlayer, state, handPos) == 0)
call    0 returned 100%
branch  1 taken 100% (fallthrough)
branch  2 taken 0%
        3: 1022:            return 0;
        -: 1023:    /*
        -: 1024:      //+1 Card
        -: 1025:      drawCard(currentPlayer, state);
        -: 1026:			
        -: 1027:      //+1 Actions
        -: 1028:      state->numActions++;
        -: 1029:			
        -: 1030:      //discard card from hand
        -: 1031:      discardCard(handPos, currentPlayer, state, 0);
        -: 1032:      return 0;*/
        -: 1033:		
        -: 1034:    case minion:
        -: 1035:      //+1 action
    #####: 1036:      state->numActions++;
        -: 1037:			
        -: 1038:      //discard card from hand
    #####: 1039:      discardCard(handPos, currentPlayer, state, 0);
call    0 never executed
        -: 1040:			
    #####: 1041:      if (choice1)		//+2 coins
branch  0 never executed
branch  1 never executed
        -: 1042:	{
    #####: 1043:	  state->coins = state->coins + 2;
        -: 1044:	}
        -: 1045:			
    #####: 1046:      else if (choice2)		//discard hand, redraw 4, other players with 5+ cards discard hand and draw 4
branch  0 never executed
branch  1 never executed
        -: 1047:	{
        -: 1048:	  //discard hand
    #####: 1049:	  while(numHandCards(state) > 0)
call    0 never executed
branch  1 never executed
branch  2 never executed
        -: 1050:	    {
    #####: 1051:	      discardCard(handPos, currentPlayer, state, 0);
call    0 never executed
        -: 1052:	    }
        -: 1053:				
        -: 1054:	  //draw 4
    #####: 1055:	  for (i = 0; i < 4; i++)
branch  0 never executed
branch  1 never executed
        -: 1056:	    {
    #####: 1057:	      drawCard(currentPlayer, state);
call    0 never executed
        -: 1058:	    }
        -: 1059:				
        -: 1060:	  //other players discard hand and redraw if hand size > 4
    #####: 1061:	  for (i = 0; i < state->numPlayers; i++)
branch  0 never executed
branch  1 never executed
        -: 1062:	    {
    #####: 1063:	      if (i != currentPlayer)
branch  0 never executed
branch  1 never executed
        -: 1064:		{
    #####: 1065:		  if ( state->handCount[i] > 4 )
branch  0 never executed
branch  1 never executed
        -: 1066:		    {
        -: 1067:		      //discard hand
    #####: 1068:		      while( state->handCount[i] > 0 )
branch  0 never executed
branch  1 never executed
        -: 1069:			{
    #####: 1070:			  discardCard(handPos, i, state, 0);
call    0 never executed
        -: 1071:			}
        -: 1072:							
        -: 1073:		      //draw 4
    #####: 1074:		      for (j = 0; j < 4; j++)
branch  0 never executed
branch  1 never executed
        -: 1075:			{
    #####: 1076:			  drawCard(i, state);
call    0 never executed
        -: 1077:			}
        -: 1078:		    }
        -: 1079:		}
        -: 1080:	    }
        -: 1081:				
        -: 1082:	}
    #####: 1083:      return 0;
        -: 1084:		
        -: 1085:    case steward:
    #####: 1086:      if (choice1 == 1)
branch  0 never executed
branch  1 never executed
        -: 1087:	{
        -: 1088:	  //+2 cards
    #####: 1089:	  drawCard(currentPlayer, state);
call    0 never executed
    #####: 1090:	  drawCard(currentPlayer, state);
call    0 never executed
        -: 1091:	}
    #####: 1092:      else if (choice1 == 2)
branch  0 never executed
branch  1 never executed
        -: 1093:	{
        -: 1094:	  //+2 coins
    #####: 1095:	  state->coins = state->coins + 2;
        -: 1096:	}
        -: 1097:      else
        -: 1098:	{
        -: 1099:	  //trash 2 cards in hand
    #####: 1100:	  discardCard(choice2, currentPlayer, state, 1);
call    0 never executed
    #####: 1101:	  discardCard(choice3, currentPlayer, state, 1);
call    0 never executed
        -: 1102:	}
        -: 1103:			
        -: 1104:      //discard card from hand
    #####: 1105:      discardCard(handPos, currentPlayer, state, 0);
call    0 never executed
    #####: 1106:      return 0;
        -: 1107:		
        -: 1108:    case tribute:
    #####: 1109:      if ((state->discardCount[nextPlayer] + state->deckCount[nextPlayer]) <= 1){
branch  0 never executed
branch  1 never executed
    #####: 1110:	if (state->deckCount[nextPlayer] > 0){
branch  0 never executed
branch  1 never executed
    #####: 1111:	  tributeRevealedCards[0] = state->deck[nextPlayer][state->deckCount[nextPlayer]-1];
    #####: 1112:	  state->deckCount[nextPlayer]--;
        -: 1113:	}
    #####: 1114:	else if (state->discardCount[nextPlayer] > 0){
branch  0 never executed
branch  1 never executed
    #####: 1115:	  tributeRevealedCards[0] = state->discard[nextPlayer][state->discardCount[nextPlayer]-1];
    #####: 1116:	  state->discardCount[nextPlayer]--;
        -: 1117:	}
        -: 1118:	else{
        -: 1119:	  //No Card to Reveal
        -: 1120:	  if (DEBUG){
        -: 1121:	    printf("No cards to reveal\n");
        -: 1122:	  }
        -: 1123:	}
        -: 1124:      }
        -: 1125:	    
        -: 1126:      else{
    #####: 1127:	if (state->deckCount[nextPlayer] == 0){
branch  0 never executed
branch  1 never executed
    #####: 1128:	  for (i = 0; i < state->discardCount[nextPlayer]; i++){
branch  0 never executed
branch  1 never executed
    #####: 1129:	    state->deck[nextPlayer][i] = state->discard[nextPlayer][i];//Move to deck
    #####: 1130:	    state->deckCount[nextPlayer]++;
    #####: 1131:	    state->discard[nextPlayer][i] = -1;
    #####: 1132:	    state->discardCount[nextPlayer]--;
        -: 1133:	  }
        -: 1134:			    
    #####: 1135:	  shuffle(nextPlayer,state);//Shuffle the deck
call    0 never executed
        -: 1136:	} 
    #####: 1137:	tributeRevealedCards[0] = state->deck[nextPlayer][state->deckCount[nextPlayer]-1];
    #####: 1138:	state->deck[nextPlayer][state->deckCount[nextPlayer]--] = -1;
    #####: 1139:	state->deckCount[nextPlayer]--;
    #####: 1140:	tributeRevealedCards[1] = state->deck[nextPlayer][state->deckCount[nextPlayer]-1];
    #####: 1141:	state->deck[nextPlayer][state->deckCount[nextPlayer]--] = -1;
    #####: 1142:	state->deckCount[nextPlayer]--;
        -: 1143:      }    
        -: 1144:		       
    #####: 1145:      if (tributeRevealedCards[0] == tributeRevealedCards[1]){//If we have a duplicate card, just drop one 
branch  0 never executed
branch  1 never executed
    #####: 1146:	state->playedCards[state->playedCardCount] = tributeRevealedCards[1];
    #####: 1147:	state->playedCardCount++;
    #####: 1148:	tributeRevealedCards[1] = -1;
        -: 1149:      }
        -: 1150:
    #####: 1151:      for (i = 0; i <= 2; i ++){
branch  0 never executed
branch  1 never executed
    #####: 1152:	if (tributeRevealedCards[i] == copper || tributeRevealedCards[i] == silver || tributeRevealedCards[i] == gold){//Treasure cards
branch  0 never executed
branch  1 never executed
branch  2 never executed
branch  3 never executed
branch  4 never executed
branch  5 never executed
    #####: 1153:	  state->coins += 2;
        -: 1154:	}
        -: 1155:		    
    #####: 1156:	else if (tributeRevealedCards[i] == estate || tributeRevealedCards[i] == duchy || tributeRevealedCards[i] == province || tributeRevealedCards[i] == gardens || tributeRevealedCards[i] == great_hall){//Victory Card Found
branch  0 never executed
branch  1 never executed
branch  2 never executed
branch  3 never executed
branch  4 never executed
branch  5 never executed
branch  6 never executed
branch  7 never executed
branch  8 never executed
branch  9 never executed
    #####: 1157:	  drawCard(currentPlayer, state);
call    0 never executed
    #####: 1158:	  drawCard(currentPlayer, state);
call    0 never executed
        -: 1159:	}
        -: 1160:	else{//Action Card
    #####: 1161:	  state->numActions = state->numActions + 2;
        -: 1162:	}
        -: 1163:      }
        -: 1164:	    
    #####: 1165:      return 0;
        -: 1166:		
        -: 1167:    case ambassador:
    #####: 1168:      j = 0;		//used to check if player has enough cards to discard
        -: 1169:
    #####: 1170:      if (choice2 > 2 || choice2 < 0)
branch  0 never executed
branch  1 never executed
branch  2 never executed
branch  3 never executed
        -: 1171:	{
    #####: 1172:	  return -1;				
        -: 1173:	}
        -: 1174:
    #####: 1175:      if (choice1 == handPos)
branch  0 never executed
branch  1 never executed
        -: 1176:	{
    #####: 1177:	  return -1;
        -: 1178:	}
        -: 1179:
    #####: 1180:      for (i = 0; i < state->handCount[currentPlayer]; i++)
branch  0 never executed
branch  1 never executed
        -: 1181:	{
    #####: 1182:	  if (i != handPos && i == state->hand[currentPlayer][choice1] && i != choice1)
branch  0 never executed
branch  1 never executed
branch  2 never executed
branch  3 never executed
branch  4 never executed
branch  5 never executed
        -: 1183:	    {
    #####: 1184:	      j++;
        -: 1185:	    }
        -: 1186:	}
    #####: 1187:      if (j < choice2)
branch  0 never executed
branch  1 never executed
        -: 1188:	{
    #####: 1189:	  return -1;				
        -: 1190:	}
        -: 1191:
        -: 1192:      if (DEBUG) 
        -: 1193:	printf("Player %d reveals card number: %d\n", currentPlayer, state->hand[currentPlayer][choice1]);
        -: 1194:
        -: 1195:      //increase supply count for choosen card by amount being discarded
    #####: 1196:      state->supplyCount[state->hand[currentPlayer][choice1]] += choice2;
        -: 1197:			
        -: 1198:      //each other player gains a copy of revealed card
    #####: 1199:      for (i = 0; i < state->numPlayers; i++)
branch  0 never executed
branch  1 never executed
        -: 1200:	{
    #####: 1201:	  if (i != currentPlayer)
branch  0 never executed
branch  1 never executed
        -: 1202:	    {
    #####: 1203:	      gainCard(state->hand[currentPlayer][choice1], state, 0, i);
call    0 never executed
        -: 1204:	    }
        -: 1205:	}
        -: 1206:
        -: 1207:      //discard played card from hand
    #####: 1208:      discardCard(handPos, currentPlayer, state, 0);			
call    0 never executed
        -: 1209:
        -: 1210:      //trash copies of cards returned to supply
    #####: 1211:      for (j = 0; j < choice2; j++)
branch  0 never executed
branch  1 never executed
        -: 1212:	{
    #####: 1213:	  for (i = 0; i < state->handCount[currentPlayer]; i++)
branch  0 never executed
branch  1 never executed
        -: 1214:	    {
    #####: 1215:	      if (state->hand[currentPlayer][i] == state->hand[currentPlayer][choice1])
branch  0 never executed
branch  1 never executed
        -: 1216:		{
    #####: 1217:		  discardCard(i, currentPlayer, state, 1);
call    0 never executed
    #####: 1218:		  break;
        -: 1219:		}
        -: 1220:	    }
        -: 1221:	}			
        -: 1222:
    #####: 1223:      return 0;
        -: 1224:		
        -: 1225:    case cutpurse:
        -: 1226:
    #####: 1227:      updateCoins(currentPlayer, state, 2);
call    0 never executed
    #####: 1228:      for (i = 0; i < state->numPlayers; i++)
branch  0 never executed
branch  1 never executed
        -: 1229:	{
    #####: 1230:	  if (i != currentPlayer)
branch  0 never executed
branch  1 never executed
        -: 1231:	    {
    #####: 1232:	      for (j = 0; j < state->handCount[i]; j++)
branch  0 never executed
branch  1 never executed
        -: 1233:		{
    #####: 1234:		  if (state->hand[i][j] == copper)
branch  0 never executed
branch  1 never executed
        -: 1235:		    {
    #####: 1236:		      discardCard(j, i, state, 0);
call    0 never executed
    #####: 1237:		      break;
        -: 1238:		    }
    #####: 1239:		  if (j == state->handCount[i])
branch  0 never executed
branch  1 never executed
        -: 1240:		    {
    #####: 1241:		      for (k = 0; k < state->handCount[i]; k++)
branch  0 never executed
branch  1 never executed
        -: 1242:			{
        -: 1243:			  if (DEBUG)
        -: 1244:			    printf("Player %d reveals card number %d\n", i, state->hand[i][k]);
        -: 1245:			}	
    #####: 1246:		      break;
        -: 1247:		    }		
        -: 1248:		}
        -: 1249:					
        -: 1250:	    }
        -: 1251:				
        -: 1252:	}				
        -: 1253:
        -: 1254:      //discard played card from hand
    #####: 1255:      discardCard(handPos, currentPlayer, state, 0);			
call    0 never executed
        -: 1256:
    #####: 1257:      return 0;
        -: 1258:
        -: 1259:		
        -: 1260:    case embargo: 
        -: 1261:      //+2 Coins
    #####: 1262:      state->coins = state->coins + 2;
        -: 1263:			
        -: 1264:      //see if selected pile is in play
    #####: 1265:      if ( state->supplyCount[choice1] == -1 )
branch  0 never executed
branch  1 never executed
        -: 1266:	{
    #####: 1267:	  return -1;
        -: 1268:	}
        -: 1269:			
        -: 1270:      //add embargo token to selected supply pile
    #####: 1271:      state->embargoTokens[choice1]++;
        -: 1272:			
        -: 1273:      //trash card
    #####: 1274:      discardCard(handPos, currentPlayer, state, 1);		
call    0 never executed
    #####: 1275:      return 0;
        -: 1276:		
        -: 1277:    case outpost:
        -: 1278:      //set outpost flag
    #####: 1279:      state->outpostPlayed++;
        -: 1280:			
        -: 1281:      //discard card
    #####: 1282:      discardCard(handPos, currentPlayer, state, 0);
call    0 never executed
    #####: 1283:      return 0;
        -: 1284:		
        -: 1285:    case salvager:
        -: 1286:      //+1 buy
    #####: 1287:      state->numBuys++;
        -: 1288:			
    #####: 1289:      if (choice1)
branch  0 never executed
branch  1 never executed
        -: 1290:	{
        -: 1291:	  //gain coins equal to trashed card
    #####: 1292:	  state->coins = state->coins + getCost( handCard(choice1, state) );
call    0 never executed
call    1 never executed
        -: 1293:	  //trash card
    #####: 1294:	  discardCard(choice1, currentPlayer, state, 1);	
call    0 never executed
        -: 1295:	}
        -: 1296:			
        -: 1297:      //discard card
    #####: 1298:      discardCard(handPos, currentPlayer, state, 0);
call    0 never executed
    #####: 1299:      return 0;
        -: 1300:		
        -: 1301:    case sea_hag:
    #####: 1302:      for (i = 0; i < state->numPlayers; i++){
branch  0 never executed
branch  1 never executed
    #####: 1303:	if (i != currentPlayer){
branch  0 never executed
branch  1 never executed
    #####: 1304:	  state->discard[i][state->discardCount[i]] = state->deck[i][state->deckCount[i]--];			    state->deckCount[i]--;
    #####: 1305:	  state->discardCount[i]++;
    #####: 1306:	  state->deck[i][state->deckCount[i]--] = curse;//Top card now a curse
        -: 1307:	}
        -: 1308:      }
    #####: 1309:      return 0;
        -: 1310:		
        -: 1311:    case treasure_map:
        -: 1312:      //search hand for another treasure_map
    #####: 1313:      index = -1;
    #####: 1314:      for (i = 0; i < state->handCount[currentPlayer]; i++)
branch  0 never executed
branch  1 never executed
        -: 1315:	{
    #####: 1316:	  if (state->hand[currentPlayer][i] == treasure_map && i != handPos)
branch  0 never executed
branch  1 never executed
branch  2 never executed
branch  3 never executed
        -: 1317:	    {
    #####: 1318:	      index = i;
    #####: 1319:	      break;
        -: 1320:	    }
        -: 1321:	}
    #####: 1322:      if (index > -1)
branch  0 never executed
branch  1 never executed
        -: 1323:	{
        -: 1324:	  //trash both treasure cards
    #####: 1325:	  discardCard(handPos, currentPlayer, state, 1);
call    0 never executed
    #####: 1326:	  discardCard(index, currentPlayer, state, 1);
call    0 never executed
        -: 1327:
        -: 1328:	  //gain 4 Gold cards
    #####: 1329:	  for (i = 0; i < 4; i++)
branch  0 never executed
branch  1 never executed
        -: 1330:	    {
    #####: 1331:	      gainCard(gold, state, 1, currentPlayer);
call    0 never executed
        -: 1332:	    }
        -: 1333:				
        -: 1334:	  //return success
    #####: 1335:	  return 1;
        -: 1336:	}
        -: 1337:			
        -: 1338:      //no second treasure_map found in hand
    #####: 1339:      return -1;
        -: 1340:    }
        -: 1341:	
    #####: 1342:  return -1;
        -: 1343:}
        -: 1344:
function discardCard called 12 returned 100% blocks executed 78%
       12: 1345:int discardCard(int handPos, int currentPlayer, struct gameState *state, int trashFlag)
        -: 1346:{
        -: 1347:	
        -: 1348:  //if card is not trashed, added to Played pile 
       12: 1349:  if (trashFlag < 1)
branch  0 taken 100% (fallthrough)
branch  1 taken 0%
        -: 1350:    {
        -: 1351:      //add card to played pile
       12: 1352:      state->playedCards[state->playedCardCount] = state->hand[currentPlayer][handPos]; 
       12: 1353:      state->playedCardCount++;
        -: 1354:    }
        -: 1355:	
        -: 1356:  //set played card to -1
       12: 1357:  state->hand[currentPlayer][handPos] = -1;
        -: 1358:	
        -: 1359:  //remove card from player's hand
       12: 1360:  if ( handPos == (state->handCount[currentPlayer] - 1) ) 	//last card in hand array is played
branch  0 taken 0% (fallthrough)
branch  1 taken 100%
        -: 1361:    {
        -: 1362:      //reduce number of cards in hand
    #####: 1363:      state->handCount[currentPlayer]--;
        -: 1364:    }
       12: 1365:  else if ( state->handCount[currentPlayer] == 1 ) //only one card in hand
branch  0 taken 0% (fallthrough)
branch  1 taken 100%
        -: 1366:    {
        -: 1367:      //reduce number of cards in hand
    #####: 1368:      state->handCount[currentPlayer]--;
        -: 1369:    }
        -: 1370:  else 	
        -: 1371:    {
        -: 1372:      //replace discarded card with last card in hand
       12: 1373:      state->hand[currentPlayer][handPos] = state->hand[currentPlayer][ (state->handCount[currentPlayer] - 1)];
        -: 1374:      //set last card to -1
       12: 1375:      state->hand[currentPlayer][state->handCount[currentPlayer] - 1] = -1;
        -: 1376:      //reduce number of cards in hand
       12: 1377:      state->handCount[currentPlayer]--;
        -: 1378:    }
        -: 1379:	
       12: 1380:  return 0;
        -: 1381:}
        -: 1382:
function gainCard called 21 returned 100% blocks executed 70%
       21: 1383:int gainCard(int supplyPos, struct gameState *state, int toFlag, int player)
        -: 1384:{
        -: 1385:  //Note: supplyPos is enum of choosen card
        -: 1386:	
        -: 1387:  //check if supply pile is empty (0) or card is not used in game (-1)
       21: 1388:  if ( supplyCount(supplyPos, state) < 1 )
call    0 returned 100%
branch  1 taken 0% (fallthrough)
branch  2 taken 100%
        -: 1389:    {
    #####: 1390:      return -1;
        -: 1391:    }
        -: 1392:	
        -: 1393:  //added card for [whoseTurn] current player:
        -: 1394:  // toFlag = 0 : add to discard
        -: 1395:  // toFlag = 1 : add to deck
        -: 1396:  // toFlag = 2 : add to hand
        -: 1397:
       21: 1398:  if (toFlag == 1)
branch  0 taken 0% (fallthrough)
branch  1 taken 100%
        -: 1399:    {
    #####: 1400:      state->deck[ player ][ state->deckCount[player] ] = supplyPos;
    #####: 1401:      state->deckCount[player]++;
        -: 1402:    }
       21: 1403:  else if (toFlag == 2)
branch  0 taken 100% (fallthrough)
branch  1 taken 0%
        -: 1404:    {
       21: 1405:      state->hand[ player ][ state->handCount[player] ] = supplyPos;
       21: 1406:      state->handCount[player]++;
        -: 1407:    }
        -: 1408:  else
        -: 1409:    {
    #####: 1410:      state->discard[player][ state->discardCount[player] ] = supplyPos;
    #####: 1411:      state->discardCount[player]++;
        -: 1412:    }
        -: 1413:	
        -: 1414:  //decrease number in supply pile
       21: 1415:  state->supplyCount[supplyPos]--;
        -: 1416:	 
       21: 1417:  return 0;
        -: 1418:}
        -: 1419:
function updateCoins called 51 returned 100% blocks executed 100%
       51: 1420:int updateCoins(int player, struct gameState *state, int bonus)
        -: 1421:{
        -: 1422:  int i;
        -: 1423:	
        -: 1424:  //reset coin count
       51: 1425:  state->coins = 0;
        -: 1426:
        -: 1427:  //add coins for each Treasure card in player's hand
      309: 1428:  for (i = 0; i < state->handCount[player]; i++)
branch  0 taken 83%
branch  1 taken 17% (fallthrough)
        -: 1429:    {
      258: 1430:      if (state->hand[player][i] == copper)
branch  0 taken 76% (fallthrough)
branch  1 taken 24%
        -: 1431:	{
      195: 1432:	  state->coins += 1;
        -: 1433:	}
       63: 1434:      else if (state->hand[player][i] == silver)
branch  0 taken 24% (fallthrough)
branch  1 taken 76%
        -: 1435:	{
       15: 1436:	  state->coins += 2;
        -: 1437:	}
       48: 1438:      else if (state->hand[player][i] == gold)
branch  0 taken 31% (fallthrough)
branch  1 taken 69%
        -: 1439:	{
       15: 1440:	  state->coins += 3;
        -: 1441:	}	
        -: 1442:    }	
        -: 1443:
        -: 1444:  //add bonus
       51: 1445:  state->coins += bonus;
        -: 1446:
       51: 1447:  return 0;
        -: 1448:}
        -: 1449:
        -: 1450:
        -: 1451://end of dominion.c
        -: 1452:
